<?xml version="1.0" encoding="UTF-8"?>
<!-- Generated by org.testng.reporters.JUnitXMLReporter -->
<testsuite hostname="ketan-Inspiron-3521" ignored="0" name="Default test" tests="11" failures="0" timestamp="27 Oct 2018 15:45:04 GMT" time="24.828" errors="0">
  <testcase name="test001" time="6.313" classname="com.api.jsonpath.SearchJsonPathExample"/>
  <testcase name="test002" time="1.744" classname="com.api.jsonpath.SearchJsonPathExample"/>
  <testcase name="test003" time="2.006" classname="com.api.jsonpath.SearchJsonPathExample"/>
  <testcase name="test004" time="1.649" classname="com.api.jsonpath.SearchJsonPathExample"/>
  <testcase name="test005" time="1.689" classname="com.api.jsonpath.SearchJsonPathExample"/>
  <testcase name="test006" time="1.671" classname="com.api.jsonpath.SearchJsonPathExample"/>
  <testcase name="test007" time="1.675" classname="com.api.jsonpath.SearchJsonPathExample"/>
  <testcase name="test008" time="1.653" classname="com.api.jsonpath.SearchJsonPathExample"/>
  <testcase name="test009" time="1.571" classname="com.api.jsonpath.SearchJsonPathExample"/>
  <testcase name="test010" time="1.651" classname="com.api.jsonpath.SearchJsonPathExample"/>
  <testcase name="test011" time="1.615" classname="com.api.jsonpath.SearchJsonPathExample"/>
</testsuite> <!-- Default test -->
