<?xml version="1.0" encoding="UTF-8"?>
<testng-results skipped="0" failed="0" ignored="0" total="1" passed="1">
  <reporter-output>
  </reporter-output>
  <suite name="Default suite" duration-ms="2348" started-at="2018-11-11T09:27:41Z" finished-at="2018-11-11T09:27:44Z">
    <groups>
    </groups>
    <test name="Default test" duration-ms="2348" started-at="2018-11-11T09:27:41Z" finished-at="2018-11-11T09:27:44Z">
      <class name="com.api.rough.Test">
        <test-method status="PASS" signature="init()[pri:0, instance:com.api.rough.Test@5b275dab]" name="init" is-config="true" duration-ms="625" started-at="2018-11-11T14:57:41Z" finished-at="2018-11-11T14:57:42Z">
          <reporter-output>
          </reporter-output>
        </test-method> <!-- init -->
        <test-method status="PASS" signature="test()[pri:0, instance:com.api.rough.Test@5b275dab]" name="test" duration-ms="1687" started-at="2018-11-11T14:57:42Z" finished-at="2018-11-11T14:57:44Z">
          <reporter-output>
          </reporter-output>
        </test-method> <!-- test -->
      </class> <!-- com.api.rough.Test -->
    </test> <!-- Default test -->
  </suite> <!-- Default suite -->
</testng-results>
